# JRE version: OpenJDK Runtime Environment (7.0_75-b13) (build 1.7.0_75-b13)
# Java VM: OpenJDK 64-Bit Server VM (24.75-b04 mixed mode linux-amd64 compressed oops)
Heap
 PSYoungGen      total 133120K, used 74451K [0x00000000f5500000, 0x0000000100000000, 0x0000000100000000)
  eden space 95232K, 49% used [0x00000000f5500000,0x00000000f8344348,0x00000000fb200000)
  from space 37888K, 71% used [0x00000000fdb00000,0x00000000ff570c68,0x0000000100000000)
  to   space 39936K, 0% used [0x00000000fb200000,0x00000000fb200000,0x00000000fd900000)
 ParOldGen       total 137728K, used 103567K [0x00000000e0000000, 0x00000000e8680000, 0x00000000f5500000)
  object space 137728K, 75% used [0x00000000e0000000,0x00000000e6523c00,0x00000000e8680000)
 PSPermGen       total 137728K, used 88959K [0x00000000d0000000, 0x00000000d8680000, 0x00000000e0000000)
  object space 137728K, 64% used [0x00000000d0000000,0x00000000d56dfdc0,0x00000000d8680000)
GC Heap History (10 events):
Event: 61.506 GC heap before
{Heap before GC invocations=63 (full 3):
 PSYoungGen      total 144896K, used 144664K [0x00000000f5500000, 0x0000000100000000, 0x0000000100000000)
  eden space 117760K, 100% used [0x00000000f5500000,0x00000000fc800000,0x00000000fc800000)
  from space 27136K, 99% used [0x00000000fc800000,0x00000000fe2462f8,0x00000000fe280000)
  to   space 30208K, 0% used [0x00000000fe280000,0x00000000fe280000,0x0000000100000000)
 ParOldGen       total 137728K, used 100301K [0x00000000e0000000, 0x00000000e8680000, 0x00000000f5500000)
  object space 137728K, 72% used [0x00000000e0000000,0x00000000e61f3728,0x00000000e8680000)
 PSPermGen       total 137728K, used 88766K [0x00000000d0000000, 0x00000000d8680000, 0x00000000e0000000)
  object space 137728K, 64% used [0x00000000d0000000,0x00000000d56afae0,0x00000000d8680000)
Event: 61.533 GC heap after
Heap after GC invocations=63 (full 3):
 PSYoungGen      total 136704K, used 21526K [0x00000000f5500000, 0x0000000100000000, 0x0000000100000000)
  eden space 106496K, 0% used [0x00000000f5500000,0x00000000f5500000,0x00000000fbd00000)
  from space 30208K, 71% used [0x00000000fe280000,0x00000000ff785b88,0x0000000100000000)
  to   space 34304K, 0% used [0x00000000fbd00000,0x00000000fbd00000,0x00000000fde80000)
 ParOldGen       total 137728K, used 100645K [0x00000000e0000000, 0x00000000e8680000, 0x00000000f5500000)
  object space 137728K, 73% used [0x00000000e0000000,0x00000000e6249798,0x00000000e8680000)
 PSPermGen       total 137728K, used 88766K [0x00000000d0000000, 0x00000000d8680000, 0x00000000e0000000)
  object space 137728K, 64% used [0x00000000d0000000,0x00000000d56afae0,0x00000000d8680000)
}
Event: 61.857 GC heap before
{Heap before GC invocations=64 (full 3):
 PSYoungGen      total 136704K, used 128022K [0x00000000f5500000, 0x0000000100000000, 0x0000000100000000)
  eden space 106496K, 100% used [0x00000000f5500000,0x00000000fbd00000,0x00000000fbd00000)
  from space 30208K, 71% used [0x00000000fe280000,0x00000000ff785b88,0x0000000100000000)
  to   space 34304K, 0% used [0x00000000fbd00000,0x00000000fbd00000,0x00000000fde80000)
 ParOldGen       total 137728K, used 100645K [0x00000000e0000000, 0x00000000e8680000, 0x00000000f5500000)
  object space 137728K, 73% used [0x00000000e0000000,0x00000000e6249798,0x00000000e8680000)
 PSPermGen       total 137728K, used 88782K [0x00000000d0000000, 0x00000000d8680000, 0x00000000e0000000)
  object space 137728K, 64% used [0x00000000d0000000,0x00000000d56b39c0,0x00000000d8680000)
Event: 61.874 GC heap after
Heap after GC invocations=64 (full 3):
 PSYoungGen      total 140800K, used 18674K [0x00000000f5500000, 0x0000000100000000, 0x0000000100000000)
  eden space 106496K, 0% used [0x00000000f5500000,0x00000000f5500000,0x00000000fbd00000)
  from space 34304K, 54% used [0x00000000fbd00000,0x00000000fcf3cb78,0x00000000fde80000)
  to   space 33792K, 0% used [0x00000000fdf00000,0x00000000fdf00000,0x0000000100000000)
 ParOldGen       total 137728K, used 100805K [0x00000000e0000000, 0x00000000e8680000, 0x00000000f5500000)
  object space 137728K, 73% used [0x00000000e0000000,0x00000000e62717e8,0x00000000e8680000)
 PSPermGen       total 137728K, used 88782K [0x00000000d0000000, 0x00000000d8680000, 0x00000000e0000000)
  object space 137728K, 64% used [0x00000000d0000000,0x00000000d56b39c0,0x00000000d8680000)
}
Event: 62.709 GC heap before
{Heap before GC invocations=65 (full 3):
 PSYoungGen      total 140800K, used 125170K [0x00000000f5500000, 0x0000000100000000, 0x0000000100000000)
  eden space 106496K, 100% used [0x00000000f5500000,0x00000000fbd00000,0x00000000fbd00000)
  from space 34304K, 54% used [0x00000000fbd00000,0x00000000fcf3cb78,0x00000000fde80000)
  to   space 33792K, 0% used [0x00000000fdf00000,0x00000000fdf00000,0x0000000100000000)
 ParOldGen       total 137728K, used 100805K [0x00000000e0000000, 0x00000000e8680000, 0x00000000f5500000)
  object space 137728K, 73% used [0x00000000e0000000,0x00000000e62717e8,0x00000000e8680000)
 PSPermGen       total 137728K, used 88830K [0x00000000d0000000, 0x00000000d8680000, 0x00000000e0000000)
  object space 137728K, 64% used [0x00000000d0000000,0x00000000d56bfa08,0x00000000d8680000)
Event: 62.734 GC heap after
Heap after GC invocations=65 (full 3):
 PSYoungGen      total 137216K, used 23476K [0x00000000f5500000, 0x0000000100000000, 0x0000000100000000)
  eden space 103424K, 0% used [0x00000000f5500000,0x00000000f5500000,0x00000000fba00000)
  from space 33792K, 69% used [0x00000000fdf00000,0x00000000ff5ed1a0,0x0000000100000000)
  to   space 35840K, 0% used [0x00000000fba00000,0x00000000fba00000,0x00000000fdd00000)
 ParOldGen       total 137728K, used 101014K [0x00000000e0000000, 0x00000000e8680000, 0x00000000f5500000)
  object space 137728K, 73% used [0x00000000e0000000,0x00000000e62a5838,0x00000000e8680000)
 PSPermGen       total 137728K, used 88830K [0x00000000d0000000, 0x00000000d8680000, 0x00000000e0000000)
  object space 137728K, 64% used [0x00000000d0000000,0x00000000d56bfa08,0x00000000d8680000)
}
Event: 63.579 GC heap before
{Heap before GC invocations=66 (full 3):
 PSYoungGen      total 137216K, used 126900K [0x00000000f5500000, 0x0000000100000000, 0x0000000100000000)
  eden space 103424K, 100% used [0x00000000f5500000,0x00000000fba00000,0x00000000fba00000)
  from space 33792K, 69% used [0x00000000fdf00000,0x00000000ff5ed1a0,0x0000000100000000)
  to   space 35840K, 0% used [0x00000000fba00000,0x00000000fba00000,0x00000000fdd00000)
 ParOldGen       total 137728K, used 101014K [0x00000000e0000000, 0x00000000e8680000, 0x00000000f5500000)
  object space 137728K, 73% used [0x00000000e0000000,0x00000000e62a5838,0x00000000e8680000)
 PSPermGen       total 137728K, used 88876K [0x00000000d0000000, 0x00000000d8680000, 0x00000000e0000000)
  object space 137728K, 64% used [0x00000000d0000000,0x00000000d56cb0e0,0x00000000d8680000)
Event: 63.617 GC heap after
Heap after GC invocations=66 (full 3):
 PSYoungGen      total 130560K, used 26923K [0x00000000f5500000, 0x0000000100000000, 0x0000000100000000)
  eden space 103424K, 0% used [0x00000000f5500000,0x00000000f5500000,0x00000000fba00000)
  from space 27136K, 99% used [0x00000000fba00000,0x00000000fd44af88,0x00000000fd480000)
  to   space 37888K, 0% used [0x00000000fdb00000,0x00000000fdb00000,0x0000000100000000)
 ParOldGen       total 137728K, used 102446K [0x00000000e0000000, 0x00000000e8680000, 0x00000000f5500000)
  object space 137728K, 74% used [0x00000000e0000000,0x00000000e640bbd0,0x00000000e8680000)
 PSPermGen       total 137728K, used 88876K [0x00000000d0000000, 0x00000000d8680000, 0x00000000e0000000)
  object space 137728K, 64% used [0x00000000d0000000,0x00000000d56cb0e0,0x00000000d8680000)
}
Event: 64.468 GC heap before
{Heap before GC invocations=67 (full 3):
 PSYoungGen      total 130560K, used 130347K [0x00000000f5500000, 0x0000000100000000, 0x0000000100000000)
  eden space 103424K, 100% used [0x00000000f5500000,0x00000000fba00000,0x00000000fba00000)
  from space 27136K, 99% used [0x00000000fba00000,0x00000000fd44af88,0x00000000fd480000)
  to   space 37888K, 0% used [0x00000000fdb00000,0x00000000fdb00000,0x0000000100000000)
 ParOldGen       total 137728K, used 102446K [0x00000000e0000000, 0x00000000e8680000, 0x00000000f5500000)
  object space 137728K, 74% used [0x00000000e0000000,0x00000000e640bbd0,0x00000000e8680000)
 PSPermGen       total 137728K, used 88906K [0x00000000d0000000, 0x00000000d8680000, 0x00000000e0000000)
  object space 137728K, 64% used [0x00000000d0000000,0x00000000d56d2848,0x00000000d8680000)
Event: 64.491 GC heap after
Heap after GC invocations=67 (full 3):
 PSYoungGen      total 133120K, used 27075K [0x00000000f5500000, 0x0000000100000000, 0x0000000100000000)
  eden space 95232K, 0% used [0x00000000f5500000,0x00000000f5500000,0x00000000fb200000)
  from space 37888K, 71% used [0x00000000fdb00000,0x00000000ff570c68,0x0000000100000000)
  to   space 39936K, 0% used [0x00000000fb200000,0x00000000fb200000,0x00000000fd900000)
 ParOldGen       total 137728K, used 103567K [0x00000000e0000000, 0x00000000e8680000, 0x00000000f5500000)
  object space 137728K, 75% used [0x00000000e0000000,0x00000000e6523c00,0x00000000e8680000)
 PSPermGen       total 137728K, used 88906K [0x00000000d0000000, 0x00000000d8680000, 0x00000000e0000000)
  object space 137728K, 64% used [0x00000000d0000000,0x00000000d56d2848,0x00000000d8680000)
}

